# JRE version: Java(TM) SE Runtime Environment (8.0_301-b09) (build 1.8.0_301-b09)
# Java VM: Java HotSpot(TM) 64-Bit Server VM (25.301-b09 mixed mode windows-amd64 compressed oops)
Heap:
 PSYoungGen      total 156160K, used 55933K [0x00000000f5580000, 0x00000000ffe00000, 0x0000000100000000)
  eden space 139776K, 35% used [0x00000000f5580000,0x00000000f85ebc08,0x00000000fde00000)
  from space 16384K, 38% used [0x00000000fed80000,0x00000000ff3b3968,0x00000000ffd80000)
  to   space 15872K, 0% used [0x00000000fde00000,0x00000000fde00000,0x00000000fed80000)
 ParOldGen       total 349696K, used 253212K [0x00000000e0000000, 0x00000000f5580000, 0x00000000f5580000)
  object space 349696K, 72% used [0x00000000e0000000,0x00000000ef747190,0x00000000f5580000)
 Metaspace       used 203344K, capacity 213930K, committed 214272K, reserved 1234944K
  class space    used 27006K, capacity 28964K, committed 29184K, reserved 1048576K
GC Heap History (10 events):
Event: 5154.128 GC heap before
{Heap before GC invocations=173 (full 7):
 PSYoungGen      total 148480K, used 132588K [0x00000000f5580000, 0x00000000ffd80000, 0x0000000100000000)
  eden space 126976K, 100% used [0x00000000f5580000,0x00000000fd180000,0x00000000fd180000)
  from space 21504K, 26% used [0x00000000fd180000,0x00000000fd6fb340,0x00000000fe680000)
  to   space 19968K, 0% used [0x00000000fea00000,0x00000000fea00000,0x00000000ffd80000)
 ParOldGen       total 349696K, used 239250K [0x00000000e0000000, 0x00000000f5580000, 0x00000000f5580000)
  object space 349696K, 68% used [0x00000000e0000000,0x00000000ee9a4888,0x00000000f5580000)
 Metaspace       used 203284K, capacity 213842K, committed 214272K, reserved 1234944K
  class space    used 27005K, capacity 28962K, committed 29184K, reserved 1048576K
Event: 5154.156 GC heap after
Heap after GC invocations=173 (full 7):
 PSYoungGen      total 152576K, used 768K [0x00000000f5580000, 0x00000000ffd80000, 0x0000000100000000)
  eden space 132608K, 0% used [0x00000000f5580000,0x00000000f5580000,0x00000000fd700000)
  from space 19968K, 3% used [0x00000000fea00000,0x00000000feac0000,0x00000000ffd80000)
  to   space 19456K, 0% used [0x00000000fd700000,0x00000000fd700000,0x00000000fea00000)
 ParOldGen       total 349696K, used 243471K [0x00000000e0000000, 0x00000000f5580000, 0x00000000f5580000)
  object space 349696K, 69% used [0x00000000e0000000,0x00000000eedc3f98,0x00000000f5580000)
 Metaspace       used 203284K, capacity 213842K, committed 214272K, reserved 1234944K
  class space    used 27005K, capacity 28962K, committed 29184K, reserved 1048576K
}
Event: 5154.856 GC heap before
{Heap before GC invocations=174 (full 7):
 PSYoungGen      total 152576K, used 133376K [0x00000000f5580000, 0x00000000ffd80000, 0x0000000100000000)
  eden space 132608K, 100% used [0x00000000f5580000,0x00000000fd700000,0x00000000fd700000)
  from space 19968K, 3% used [0x00000000fea00000,0x00000000feac0000,0x00000000ffd80000)
  to   space 19456K, 0% used [0x00000000fd700000,0x00000000fd700000,0x00000000fea00000)
 ParOldGen       total 349696K, used 243471K [0x00000000e0000000, 0x00000000f5580000, 0x00000000f5580000)
  object space 349696K, 69% used [0x00000000e0000000,0x00000000eedc3f98,0x00000000f5580000)
 Metaspace       used 203288K, capacity 213842K, committed 214272K, reserved 1234944K
  class space    used 27005K, capacity 28962K, committed 29184K, reserved 1048576K
Event: 5154.870 GC heap after
Heap after GC invocations=174 (full 7):
 PSYoungGen      total 152064K, used 1632K [0x00000000f5580000, 0x00000000ffd80000, 0x0000000100000000)
  eden space 132608K, 0% used [0x00000000f5580000,0x00000000f5580000,0x00000000fd700000)
  from space 19456K, 8% used [0x00000000fd700000,0x00000000fd898000,0x00000000fea00000)
  to   space 18432K, 0% used [0x00000000feb80000,0x00000000feb80000,0x00000000ffd80000)
 ParOldGen       total 349696K, used 244015K [0x00000000e0000000, 0x00000000f5580000, 0x00000000f5580000)
  object space 349696K, 69% used [0x00000000e0000000,0x00000000eee4bf98,0x00000000f5580000)
 Metaspace       used 203288K, capacity 213842K, committed 214272K, reserved 1234944K
  class space    used 27005K, capacity 28962K, committed 29184K, reserved 1048576K
}
Event: 5155.856 GC heap before
{Heap before GC invocations=175 (full 7):
 PSYoungGen      total 152064K, used 134240K [0x00000000f5580000, 0x00000000ffd80000, 0x0000000100000000)
  eden space 132608K, 100% used [0x00000000f5580000,0x00000000fd700000,0x00000000fd700000)
  from space 19456K, 8% used [0x00000000fd700000,0x00000000fd898000,0x00000000fea00000)
  to   space 18432K, 0% used [0x00000000feb80000,0x00000000feb80000,0x00000000ffd80000)
 ParOldGen       total 349696K, used 244015K [0x00000000e0000000, 0x00000000f5580000, 0x00000000f5580000)
  object space 349696K, 69% used [0x00000000e0000000,0x00000000eee4bf98,0x00000000f5580000)
 Metaspace       used 203300K, capacity 213846K, committed 214272K, reserved 1234944K
  class space    used 27005K, capacity 28962K, committed 29184K, reserved 1048576K
Event: 5156.091 GC heap after
Heap after GC invocations=175 (full 7):
 PSYoungGen      total 154112K, used 5569K [0x00000000f5580000, 0x00000000ffd00000, 0x0000000100000000)
  eden space 136192K, 0% used [0x00000000f5580000,0x00000000f5580000,0x00000000fda80000)
  from space 17920K, 31% used [0x00000000feb80000,0x00000000ff0f0688,0x00000000ffd00000)
  to   space 17408K, 0% used [0x00000000fda80000,0x00000000fda80000,0x00000000feb80000)
 ParOldGen       total 349696K, used 245099K [0x00000000e0000000, 0x00000000f5580000, 0x00000000f5580000)
  object space 349696K, 70% used [0x00000000e0000000,0x00000000eef5afc8,0x00000000f5580000)
 Metaspace       used 203300K, capacity 213846K, committed 214272K, reserved 1234944K
  class space    used 27005K, capacity 28962K, committed 29184K, reserved 1048576K
}
Event: 5158.738 GC heap before
{Heap before GC invocations=176 (full 7):
 PSYoungGen      total 154112K, used 141761K [0x00000000f5580000, 0x00000000ffd00000, 0x0000000100000000)
  eden space 136192K, 100% used [0x00000000f5580000,0x00000000fda80000,0x00000000fda80000)
  from space 17920K, 31% used [0x00000000feb80000,0x00000000ff0f0688,0x00000000ffd00000)
  to   space 17408K, 0% used [0x00000000fda80000,0x00000000fda80000,0x00000000feb80000)
 ParOldGen       total 349696K, used 245099K [0x00000000e0000000, 0x00000000f5580000, 0x00000000f5580000)
  object space 349696K, 70% used [0x00000000e0000000,0x00000000eef5afc8,0x00000000f5580000)
 Metaspace       used 203318K, capacity 213866K, committed 214272K, reserved 1234944K
  class space    used 27006K, capacity 28964K, committed 29184K, reserved 1048576K
Event: 5158.881 GC heap after
Heap after GC invocations=176 (full 7):
 PSYoungGen      total 153600K, used 5483K [0x00000000f5580000, 0x00000000ffd80000, 0x0000000100000000)
  eden space 136192K, 0% used [0x00000000f5580000,0x00000000f5580000,0x00000000fda80000)
  from space 17408K, 31% used [0x00000000fda80000,0x00000000fdfdade0,0x00000000feb80000)
  to   space 16384K, 0% used [0x00000000fed80000,0x00000000fed80000,0x00000000ffd80000)
 ParOldGen       total 349696K, used 248731K [0x00000000e0000000, 0x00000000f5580000, 0x00000000f5580000)
  object space 349696K, 71% used [0x00000000e0000000,0x00000000ef2e6cf8,0x00000000f5580000)
 Metaspace       used 203318K, capacity 213866K, committed 214272K, reserved 1234944K
  class space    used 27006K, capacity 28964K, committed 29184K, reserved 1048576K
}
Event: 5159.823 GC heap before
{Heap before GC invocations=177 (full 7):
 PSYoungGen      total 153600K, used 141675K [0x00000000f5580000, 0x00000000ffd80000, 0x0000000100000000)
  eden space 136192K, 100% used [0x00000000f5580000,0x00000000fda80000,0x00000000fda80000)
  from space 17408K, 31% used [0x00000000fda80000,0x00000000fdfdade0,0x00000000feb80000)
  to   space 16384K, 0% used [0x00000000fed80000,0x00000000fed80000,0x00000000ffd80000)
 ParOldGen       total 349696K, used 248731K [0x00000000e0000000, 0x00000000f5580000, 0x00000000f5580000)
  object space 349696K, 71% used [0x00000000e0000000,0x00000000ef2e6cf8,0x00000000f5580000)
 Metaspace       used 203334K, capacity 213930K, committed 214272K, reserved 1234944K
  class space    used 27006K, capacity 28964K, committed 29184K, reserved 1048576K
Event: 5159.924 GC heap after
Heap after GC invocations=177 (full 7):
 PSYoungGen      total 156160K, used 6350K [0x00000000f5580000, 0x00000000ffe00000, 0x0000000100000000)
  eden space 139776K, 0% used [0x00000000f5580000,0x00000000f5580000,0x00000000fde00000)
  from space 16384K, 38% used [0x00000000fed80000,0x00000000ff3b3968,0x00000000ffd80000)
  to   space 15872K, 0% used [0x00000000fde00000,0x00000000fde00000,0x00000000fed80000)
 ParOldGen       total 349696K, used 253212K [0x00000000e0000000, 0x00000000f5580000, 0x00000000f5580000)
  object space 349696K, 72% used [0x00000000e0000000,0x00000000ef747190,0x00000000f5580000)
 Metaspace       used 203334K, capacity 213930K, committed 214272K, reserved 1234944K
  class space    used 27006K, capacity 28964K, committed 29184K, reserved 1048576K
}

